<?xml version="1.0" encoding="UTF-8"?>
<testng-results ignored="0" total="1" passed="1" failed="0" skipped="0">
  <reporter-output>
  </reporter-output>
  <suite started-at="2024-05-20T22:19:45 EDT" name="Default suite" finished-at="2024-05-20T22:19:45 EDT" duration-ms="27">
    <groups>
    </groups>
    <test started-at="2024-05-20T22:19:45 EDT" name="Default test" finished-at="2024-05-20T22:19:45 EDT" duration-ms="27">
      <class name="javaStream.Day1">
        <test-method signature="demo()[pri:0, instance:javaStream.Day1@13e344d]" started-at="2024-05-20T22:19:45 EDT" name="demo" finished-at="2024-05-20T22:19:45 EDT" duration-ms="5" status="PASS">
          <reporter-output>
          </reporter-output>
        </test-method> <!-- demo -->
      </class> <!-- javaStream.Day1 -->
    </test> <!-- Default test -->
  </suite> <!-- Default suite -->
</testng-results>
